Initialzing main class
Initializing employee service
Starting rabbitQ server thread
RabbitQ server started successfully
2017-05-09 18:07:43.687  INFO 6996 --- [           main] s.c.a.AnnotationConfigApplicationContext : Refreshing org.springframework.context.annotation.AnnotationConfigApplicationContext@7d1f9e25: startup date [Tue May 09 18:07:43 IST 2017]; root of context hierarchy
2017-05-09 18:07:44.337  INFO 6996 --- [           main] f.a.AutowiredAnnotationBeanPostProcessor : JSR-330 'javax.inject.Inject' annotation found and supported for autowiring
2017-05-09 18:07:44.369  INFO 6996 --- [           main] trationDelegate$BeanPostProcessorChecker : Bean 'configurationPropertiesRebinderAutoConfiguration' of type [class org.springframework.cloud.autoconfigure.ConfigurationPropertiesRebinderAutoConfiguration$$EnhancerBySpringCGLIB$$a4606c97] is not eligible for getting processed by all BeanPostProcessors (for example: not eligible for auto-proxying)

  .   ____          _            __ _ _
 /\\ / ___'_ __ _ _(_)_ __  __ _ \ \ \ \
( ( )\___ | '_ | '_| | '_ \/ _` | \ \ \ \
 \\/  ___)| |_)| | | | | || (_| |  ) ) ) )
  '  |____| .__|_| |_|_| |_\__, | / / / /
 =========|_|==============|___/=/_/_/_/
 :: Spring Boot ::        (v1.3.5.RELEASE)

2017-05-09 18:07:45.055  INFO 6996 --- [           main] c.p.services.employee.EmployeeService    : No active profile set, falling back to default profiles: default
2017-05-09 18:07:45.071  INFO 6996 --- [           main] ationConfigEmbeddedWebApplicationContext : Refreshing org.springframework.boot.context.embedded.AnnotationConfigEmbeddedWebApplicationContext@367b980f: startup date [Tue May 09 18:07:45 IST 2017]; parent: org.springframework.context.annotation.AnnotationConfigApplicationContext@7d1f9e25
2017-05-09 18:07:50.016  WARN 6996 --- [           main] o.s.c.a.ConfigurationClassPostProcessor  : Cannot enhance @Configuration bean definition 'refreshScope' since its singleton instance has been created too early. The typical cause is a non-static @Bean method with a BeanDefinitionRegistryPostProcessor return type: Consider declaring such methods as 'static'.
2017-05-09 18:07:50.312  INFO 6996 --- [           main] o.s.cloud.context.scope.GenericScope     : BeanFactory id=5b897996-07cf-3f59-a034-d4dede92adc7
2017-05-09 18:07:50.359  INFO 6996 --- [           main] f.a.AutowiredAnnotationBeanPostProcessor : JSR-330 'javax.inject.Inject' annotation found and supported for autowiring
2017-05-09 18:07:50.593  INFO 6996 --- [           main] trationDelegate$BeanPostProcessorChecker : Bean 'org.springframework.transaction.annotation.ProxyTransactionManagementConfiguration' of type [class org.springframework.transaction.annotation.ProxyTransactionManagementConfiguration$$EnhancerBySpringCGLIB$$8846699a] is not eligible for getting processed by all BeanPostProcessors (for example: not eligible for auto-proxying)
2017-05-09 18:07:51.077  INFO 6996 --- [           main] trationDelegate$BeanPostProcessorChecker : Bean 'org.springframework.cloud.autoconfigure.ConfigurationPropertiesRebinderAutoConfiguration' of type [class org.springframework.cloud.autoconfigure.ConfigurationPropertiesRebinderAutoConfiguration$$EnhancerBySpringCGLIB$$a4606c97] is not eligible for getting processed by all BeanPostProcessors (for example: not eligible for auto-proxying)
2017-05-09 18:07:51.092  INFO 6996 --- [           main] trationDelegate$BeanPostProcessorChecker : Bean 'org.springframework.cloud.autoconfigure.RefreshEndpointAutoConfiguration' of type [class org.springframework.cloud.autoconfigure.RefreshEndpointAutoConfiguration$$EnhancerBySpringCGLIB$$4dbf6e8d] is not eligible for getting processed by all BeanPostProcessors (for example: not eligible for auto-proxying)
2017-05-09 18:07:52.044  INFO 6996 --- [           main] s.b.c.e.t.TomcatEmbeddedServletContainer : Tomcat initialized with port(s): 2222 (http)
2017-05-09 18:07:52.075  INFO 6996 --- [           main] o.apache.catalina.core.StandardService   : Starting service Tomcat
2017-05-09 18:07:52.075  INFO 6996 --- [           main] org.apache.catalina.core.StandardEngine  : Starting Servlet Engine: Apache Tomcat/8.0.33
2017-05-09 18:07:52.356  INFO 6996 --- [ost-startStop-1] o.a.c.c.C.[Tomcat].[localhost].[/]       : Initializing Spring embedded WebApplicationContext
2017-05-09 18:07:52.356  INFO 6996 --- [ost-startStop-1] o.s.web.context.ContextLoader            : Root WebApplicationContext: initialization completed in 7285 ms
2017-05-09 18:07:53.308  INFO 6996 --- [ost-startStop-1] o.s.b.c.e.ServletRegistrationBean        : Mapping servlet: 'dispatcherServlet' to [/]
2017-05-09 18:07:53.323  INFO 6996 --- [ost-startStop-1] o.s.b.c.embedded.FilterRegistrationBean  : Mapping filter: 'metricFilter' to: [/*]
2017-05-09 18:07:53.323  INFO 6996 --- [ost-startStop-1] o.s.b.c.embedded.FilterRegistrationBean  : Mapping filter: 'characterEncodingFilter' to: [/*]
2017-05-09 18:07:53.323  INFO 6996 --- [ost-startStop-1] o.s.b.c.embedded.FilterRegistrationBean  : Mapping filter: 'hiddenHttpMethodFilter' to: [/*]
2017-05-09 18:07:53.323  INFO 6996 --- [ost-startStop-1] o.s.b.c.embedded.FilterRegistrationBean  : Mapping filter: 'httpPutFormContentFilter' to: [/*]
2017-05-09 18:07:53.323  INFO 6996 --- [ost-startStop-1] o.s.b.c.embedded.FilterRegistrationBean  : Mapping filter: 'requestContextFilter' to: [/*]
2017-05-09 18:07:53.323  INFO 6996 --- [ost-startStop-1] o.s.b.c.embedded.FilterRegistrationBean  : Mapping filter: 'webRequestLoggingFilter' to: [/*]
2017-05-09 18:07:53.323  INFO 6996 --- [ost-startStop-1] o.s.b.c.embedded.FilterRegistrationBean  : Mapping filter: 'applicationContextIdFilter' to: [/*]
dataSource() invoked
2017-05-09 18:07:53.448  INFO 6996 --- [           main] o.s.j.d.e.EmbeddedDatabaseFactory        : Starting embedded database: url='jdbc:hsqldb:mem:testdb', username='sa'
2017-05-09 18:07:54.135  INFO 6996 --- [           main] o.s.jdbc.datasource.init.ScriptUtils     : Executing SQL script from class path resource [testdb/schema.sql]
2017-05-09 18:07:54.143  INFO 6996 --- [           main] o.s.jdbc.datasource.init.ScriptUtils     : Executed SQL script from class path resource [testdb/schema.sql] in 8 ms.
2017-05-09 18:07:54.143  INFO 6996 --- [           main] o.s.jdbc.datasource.init.ScriptUtils     : Executing SQL script from class path resource [testdb/data.sql]
2017-05-09 18:07:54.146  INFO 6996 --- [           main] o.s.jdbc.datasource.init.ScriptUtils     : Executed SQL script from class path resource [testdb/data.sql] in 3 ms.
dataSource = org.springframework.jdbc.datasource.embedded.EmbeddedDatabaseFactory$EmbeddedDataSourceProxy@4089f6ab
System has 3 EMPLOYEES
2017-05-09 18:07:54.367  INFO 6996 --- [           main] j.LocalContainerEntityManagerFactoryBean : Building JPA container EntityManagerFactory for persistence unit 'default'
2017-05-09 18:07:54.382  INFO 6996 --- [           main] o.hibernate.jpa.internal.util.LogHelper  : HHH000204: Processing PersistenceUnitInfo [
	name: default
	...]
2017-05-09 18:07:54.523  INFO 6996 --- [           main] org.hibernate.Version                    : HHH000412: Hibernate Core {4.3.11.Final}
2017-05-09 18:07:54.523  INFO 6996 --- [           main] org.hibernate.cfg.Environment            : HHH000206: hibernate.properties not found
2017-05-09 18:07:54.523  INFO 6996 --- [           main] org.hibernate.cfg.Environment            : HHH000021: Bytecode provider name : javassist
2017-05-09 18:07:55.115  INFO 6996 --- [           main] o.hibernate.annotations.common.Version   : HCANN000001: Hibernate Commons Annotations {4.0.5.Final}
2017-05-09 18:07:55.256  INFO 6996 --- [           main] org.hibernate.dialect.Dialect            : HHH000400: Using dialect: org.hibernate.dialect.H2Dialect
2017-05-09 18:07:55.271  WARN 6996 --- [           main] org.hibernate.dialect.H2Dialect          : HHH000431: Unable to determine H2 database version, certain features may not work
2017-05-09 18:07:55.459  INFO 6996 --- [           main] o.h.h.i.ast.ASTQueryTranslatorFactory    : HHH000397: Using ASTQueryTranslatorFactory
2017-05-09 18:07:55.895  INFO 6996 --- [           main] o.h.tool.hbm2ddl.SchemaValidator         : HHH000229: Running schema validator
2017-05-09 18:07:55.895  INFO 6996 --- [           main] o.h.tool.hbm2ddl.SchemaValidator         : HHH000102: Fetching database metadata
2017-05-09 18:07:55.958  INFO 6996 --- [           main] o.hibernate.tool.hbm2ddl.TableMetadata   : HHH000261: Table found: PUBLIC.PUBLIC.T_EMPLOYEE
2017-05-09 18:07:55.958  INFO 6996 --- [           main] o.hibernate.tool.hbm2ddl.TableMetadata   : HHH000037: Columns: [fname, lname, emailid, id]
2017-05-09 18:07:57.346  INFO 6996 --- [           main] s.w.s.m.m.a.RequestMappingHandlerAdapter : Looking for @ControllerAdvice: org.springframework.boot.context.embedded.AnnotationConfigEmbeddedWebApplicationContext@367b980f: startup date [Tue May 09 18:07:45 IST 2017]; parent: org.springframework.context.annotation.AnnotationConfigApplicationContext@7d1f9e25
2017-05-09 18:07:57.518  INFO 6996 --- [           main] s.w.s.m.m.a.RequestMappingHandlerMapping : Mapped "{[/FetchEmployees]}" onto public java.util.List<com.pivotal.employees.Employee> com.pivotal.employees.EmployeesController.fetchEmployee()
2017-05-09 18:07:57.518  INFO 6996 --- [           main] s.w.s.m.m.a.RequestMappingHandlerMapping : Mapped "{[/EmployeesHome]}" onto public java.lang.String com.pivotal.employees.EmployeesController.employeesHome()
2017-05-09 18:07:57.518  INFO 6996 --- [           main] s.w.s.m.m.a.RequestMappingHandlerMapping : Mapped "{[/error]}" onto public org.springframework.http.ResponseEntity<java.util.Map<java.lang.String, java.lang.Object>> org.springframework.boot.autoconfigure.web.BasicErrorController.error(javax.servlet.http.HttpServletRequest)
2017-05-09 18:07:57.518  INFO 6996 --- [           main] s.w.s.m.m.a.RequestMappingHandlerMapping : Mapped "{[/error],produces=[text/html]}" onto public org.springframework.web.servlet.ModelAndView org.springframework.boot.autoconfigure.web.BasicErrorController.errorHtml(javax.servlet.http.HttpServletRequest,javax.servlet.http.HttpServletResponse)
2017-05-09 18:07:57.611  INFO 6996 --- [           main] o.s.w.s.handler.SimpleUrlHandlerMapping  : Mapped URL path [/webjars/**] onto handler of type [class org.springframework.web.servlet.resource.ResourceHttpRequestHandler]
2017-05-09 18:07:57.611  INFO 6996 --- [           main] o.s.w.s.handler.SimpleUrlHandlerMapping  : Mapped URL path [/**] onto handler of type [class org.springframework.web.servlet.resource.ResourceHttpRequestHandler]
2017-05-09 18:07:57.814  INFO 6996 --- [           main] o.s.w.s.handler.SimpleUrlHandlerMapping  : Mapped URL path [/**/favicon.ico] onto handler of type [class org.springframework.web.servlet.resource.ResourceHttpRequestHandler]
2017-05-09 18:07:59.749  INFO 6996 --- [           main] o.s.b.a.e.mvc.EndpointHandlerMapping     : Mapped "{[/restart || /restart.json],methods=[POST]}" onto public java.lang.Object org.springframework.cloud.context.restart.RestartMvcEndpoint.invoke()
2017-05-09 18:07:59.749  INFO 6996 --- [           main] o.s.b.a.e.mvc.EndpointHandlerMapping     : Mapped "{[/mappings || /mappings.json],methods=[GET],produces=[application/json]}" onto public java.lang.Object org.springframework.boot.actuate.endpoint.mvc.EndpointMvcAdapter.invoke()
2017-05-09 18:07:59.749  INFO 6996 --- [           main] o.s.b.a.e.mvc.EndpointHandlerMapping     : Mapped "{[/archaius || /archaius.json],methods=[GET],produces=[application/json]}" onto public java.lang.Object org.springframework.boot.actuate.endpoint.mvc.EndpointMvcAdapter.invoke()
2017-05-09 18:07:59.749  INFO 6996 --- [           main] o.s.b.a.e.mvc.EndpointHandlerMapping     : Mapped "{[/env],methods=[POST]}" onto public java.lang.Object org.springframework.cloud.context.environment.EnvironmentManagerMvcEndpoint.value(java.util.Map<java.lang.String, java.lang.String>)
2017-05-09 18:07:59.749  INFO 6996 --- [           main] o.s.b.a.e.mvc.EndpointHandlerMapping     : Mapped "{[/env/reset],methods=[POST]}" onto public java.util.Map<java.lang.String, java.lang.Object> org.springframework.cloud.context.environment.EnvironmentManagerMvcEndpoint.reset()
2017-05-09 18:07:59.749  INFO 6996 --- [           main] o.s.b.a.e.mvc.EndpointHandlerMapping     : Mapped "{[/metrics/{name:.*}],methods=[GET],produces=[application/json]}" onto public java.lang.Object org.springframework.boot.actuate.endpoint.mvc.MetricsMvcEndpoint.value(java.lang.String)
2017-05-09 18:07:59.749  INFO 6996 --- [           main] o.s.b.a.e.mvc.EndpointHandlerMapping     : Mapped "{[/metrics || /metrics.json],methods=[GET],produces=[application/json]}" onto public java.lang.Object org.springframework.boot.actuate.endpoint.mvc.EndpointMvcAdapter.invoke()
2017-05-09 18:07:59.764  INFO 6996 --- [           main] o.s.b.a.e.mvc.EndpointHandlerMapping     : Mapped "{[/autoconfig || /autoconfig.json],methods=[GET],produces=[application/json]}" onto public java.lang.Object org.springframework.boot.actuate.endpoint.mvc.EndpointMvcAdapter.invoke()
2017-05-09 18:07:59.764  INFO 6996 --- [           main] o.s.b.a.e.mvc.EndpointHandlerMapping     : Mapped "{[/resume || /resume.json],methods=[POST]}" onto public java.lang.Object org.springframework.cloud.endpoint.GenericPostableMvcEndpoint.invoke()
2017-05-09 18:07:59.764  INFO 6996 --- [           main] o.s.b.a.e.mvc.EndpointHandlerMapping     : Mapped "{[/pause || /pause.json],methods=[POST]}" onto public java.lang.Object org.springframework.cloud.endpoint.GenericPostableMvcEndpoint.invoke()
2017-05-09 18:07:59.764  INFO 6996 --- [           main] o.s.b.a.e.mvc.EndpointHandlerMapping     : Mapped "{[/features || /features.json],methods=[GET],produces=[application/json]}" onto public java.lang.Object org.springframework.boot.actuate.endpoint.mvc.EndpointMvcAdapter.invoke()
2017-05-09 18:07:59.764  INFO 6996 --- [           main] o.s.b.a.e.mvc.EndpointHandlerMapping     : Mapped "{[/beans || /beans.json],methods=[GET],produces=[application/json]}" onto public java.lang.Object org.springframework.boot.actuate.endpoint.mvc.EndpointMvcAdapter.invoke()
2017-05-09 18:07:59.780  INFO 6996 --- [           main] o.s.b.a.e.mvc.EndpointHandlerMapping     : Mapped "{[/trace || /trace.json],methods=[GET],produces=[application/json]}" onto public java.lang.Object org.springframework.boot.actuate.endpoint.mvc.EndpointMvcAdapter.invoke()
2017-05-09 18:07:59.780  INFO 6996 --- [           main] o.s.b.a.e.mvc.EndpointHandlerMapping     : Mapped "{[/refresh || /refresh.json],methods=[POST]}" onto public java.lang.Object org.springframework.cloud.endpoint.GenericPostableMvcEndpoint.invoke()
2017-05-09 18:07:59.780  INFO 6996 --- [           main] o.s.b.a.e.mvc.EndpointHandlerMapping     : Mapped "{[/configprops || /configprops.json],methods=[GET],produces=[application/json]}" onto public java.lang.Object org.springframework.boot.actuate.endpoint.mvc.EndpointMvcAdapter.invoke()
2017-05-09 18:07:59.780  INFO 6996 --- [           main] o.s.b.a.e.mvc.EndpointHandlerMapping     : Mapped "{[/env/{name:.*}],methods=[GET],produces=[application/json]}" onto public java.lang.Object org.springframework.boot.actuate.endpoint.mvc.EnvironmentMvcEndpoint.value(java.lang.String)
2017-05-09 18:07:59.780  INFO 6996 --- [           main] o.s.b.a.e.mvc.EndpointHandlerMapping     : Mapped "{[/env || /env.json],methods=[GET],produces=[application/json]}" onto public java.lang.Object org.springframework.boot.actuate.endpoint.mvc.EndpointMvcAdapter.invoke()
2017-05-09 18:07:59.780  INFO 6996 --- [           main] o.s.b.a.e.mvc.EndpointHandlerMapping     : Mapped "{[/health || /health.json],produces=[application/json]}" onto public java.lang.Object org.springframework.boot.actuate.endpoint.mvc.HealthMvcEndpoint.invoke(java.security.Principal)
2017-05-09 18:07:59.780  INFO 6996 --- [           main] o.s.b.a.e.mvc.EndpointHandlerMapping     : Mapped "{[/info || /info.json],methods=[GET],produces=[application/json]}" onto public java.lang.Object org.springframework.boot.actuate.endpoint.mvc.EndpointMvcAdapter.invoke()
2017-05-09 18:07:59.780  INFO 6996 --- [           main] o.s.b.a.e.mvc.EndpointHandlerMapping     : Mapped "{[/dump || /dump.json],methods=[GET],produces=[application/json]}" onto public java.lang.Object org.springframework.boot.actuate.endpoint.mvc.EndpointMvcAdapter.invoke()
2017-05-09 18:08:00.107  INFO 6996 --- [           main] o.s.ui.freemarker.SpringTemplateLoader   : SpringTemplateLoader for FreeMarker: using resource loader [org.springframework.boot.context.embedded.AnnotationConfigEmbeddedWebApplicationContext@367b980f: startup date [Tue May 09 18:07:45 IST 2017]; parent: org.springframework.context.annotation.AnnotationConfigApplicationContext@7d1f9e25] and template loader path [classpath:/templates/]
2017-05-09 18:08:00.107  INFO 6996 --- [           main] o.s.w.s.v.f.FreeMarkerConfigurer         : ClassTemplateLoader for Spring macros added to FreeMarker configuration
2017-05-09 18:08:00.419  WARN 6996 --- [           main] c.n.c.sources.URLConfigurationSource     : No URLs will be polled as dynamic configuration sources.
2017-05-09 18:08:00.419  INFO 6996 --- [           main] c.n.c.sources.URLConfigurationSource     : To enable URLs as dynamic configuration sources, define System property archaius.configurationSource.additionalUrls or make config.properties available on classpath.
2017-05-09 18:08:00.435  WARN 6996 --- [           main] c.n.c.sources.URLConfigurationSource     : No URLs will be polled as dynamic configuration sources.
2017-05-09 18:08:00.435  INFO 6996 --- [           main] c.n.c.sources.URLConfigurationSource     : To enable URLs as dynamic configuration sources, define System property archaius.configurationSource.additionalUrls or make config.properties available on classpath.
2017-05-09 18:08:00.575  INFO 6996 --- [           main] o.s.j.e.a.AnnotationMBeanExporter        : Registering beans for JMX exposure on startup
2017-05-09 18:08:00.591  INFO 6996 --- [           main] o.s.j.e.a.AnnotationMBeanExporter        : Bean with name 'refreshScope' has been autodetected for JMX exposure
2017-05-09 18:08:00.591  INFO 6996 --- [           main] o.s.j.e.a.AnnotationMBeanExporter        : Bean with name 'environmentManager' has been autodetected for JMX exposure
2017-05-09 18:08:00.607  INFO 6996 --- [           main] o.s.j.e.a.AnnotationMBeanExporter        : Bean with name 'configurationPropertiesRebinder' has been autodetected for JMX exposure
2017-05-09 18:08:00.607  INFO 6996 --- [           main] o.s.j.e.a.AnnotationMBeanExporter        : Bean with name 'refreshEndpoint' has been autodetected for JMX exposure
2017-05-09 18:08:00.607  INFO 6996 --- [           main] o.s.j.e.a.AnnotationMBeanExporter        : Bean with name 'restartEndpoint' has been autodetected for JMX exposure
2017-05-09 18:08:00.607  INFO 6996 --- [           main] o.s.j.e.a.AnnotationMBeanExporter        : Located managed bean 'environmentManager': registering with JMX server as MBean [org.springframework.cloud.context.environment:name=environmentManager,type=EnvironmentManager]
2017-05-09 18:08:00.638  INFO 6996 --- [           main] o.s.j.e.a.AnnotationMBeanExporter        : Located managed bean 'restartEndpoint': registering with JMX server as MBean [org.springframework.cloud.context.restart:name=restartEndpoint,type=RestartEndpoint]
2017-05-09 18:08:00.669  INFO 6996 --- [           main] o.s.j.e.a.AnnotationMBeanExporter        : Located managed bean 'refreshScope': registering with JMX server as MBean [org.springframework.cloud.context.scope.refresh:name=refreshScope,type=RefreshScope]
2017-05-09 18:08:00.685  INFO 6996 --- [           main] o.s.j.e.a.AnnotationMBeanExporter        : Located managed bean 'configurationPropertiesRebinder': registering with JMX server as MBean [org.springframework.cloud.context.properties:name=configurationPropertiesRebinder,context=367b980f,type=ConfigurationPropertiesRebinder]
2017-05-09 18:08:00.700  INFO 6996 --- [           main] o.s.j.e.a.AnnotationMBeanExporter        : Located managed bean 'refreshEndpoint': registering with JMX server as MBean [org.springframework.cloud.endpoint:name=refreshEndpoint,type=RefreshEndpoint]
2017-05-09 18:08:00.981  INFO 6996 --- [           main] o.s.c.support.DefaultLifecycleProcessor  : Starting beans in phase 0
2017-05-09 18:08:00.997  INFO 6996 --- [           main] o.s.c.n.eureka.InstanceInfoFactory       : Setting initial instance status as: STARTING
2017-05-09 18:08:03.150  INFO 6996 --- [           main] c.n.d.provider.DiscoveryJerseyProvider   : Using JSON encoding codec LegacyJacksonJson
2017-05-09 18:08:03.150  INFO 6996 --- [           main] c.n.d.provider.DiscoveryJerseyProvider   : Using JSON decoding codec LegacyJacksonJson
2017-05-09 18:08:03.368  INFO 6996 --- [           main] c.n.d.provider.DiscoveryJerseyProvider   : Using XML encoding codec XStreamXml
2017-05-09 18:08:03.368  INFO 6996 --- [           main] c.n.d.provider.DiscoveryJerseyProvider   : Using XML decoding codec XStreamXml
2017-05-09 18:08:04.320  INFO 6996 --- [           main] c.n.d.s.r.aws.ConfigClusterResolver      : Resolving eureka endpoints via configuration
2017-05-09 18:08:04.382  INFO 6996 --- [           main] com.netflix.discovery.DiscoveryClient    : Disable delta property : false
2017-05-09 18:08:04.382  INFO 6996 --- [           main] com.netflix.discovery.DiscoveryClient    : Single vip registry refresh property : null
2017-05-09 18:08:04.382  INFO 6996 --- [           main] com.netflix.discovery.DiscoveryClient    : Force full registry fetch : false
2017-05-09 18:08:04.382  INFO 6996 --- [           main] com.netflix.discovery.DiscoveryClient    : Application is null : false
2017-05-09 18:08:04.382  INFO 6996 --- [           main] com.netflix.discovery.DiscoveryClient    : Registered Applications size is zero : true
2017-05-09 18:08:04.382  INFO 6996 --- [           main] com.netflix.discovery.DiscoveryClient    : Application version is -1: true
2017-05-09 18:08:04.382  INFO 6996 --- [           main] com.netflix.discovery.DiscoveryClient    : Getting all instance registry info from the eureka server
2017-05-09 18:08:05.349  INFO 6996 --- [           main] com.netflix.discovery.DiscoveryClient    : The response status is 200
2017-05-09 18:08:05.349  INFO 6996 --- [           main] com.netflix.discovery.DiscoveryClient    : Starting heartbeat executor: renew interval is: 5
2017-05-09 18:08:05.365  INFO 6996 --- [           main] c.n.discovery.InstanceInfoReplicator     : InstanceInfoReplicator onDemand update allowed rate per min is 4
2017-05-09 18:08:06.394  INFO 6996 --- [           main] c.n.e.EurekaDiscoveryClientConfiguration : Registering application employee-service with eureka with status UP
2017-05-09 18:08:06.410  INFO 6996 --- [           main] com.netflix.discovery.DiscoveryClient    : Saw local status change event StatusChangeEvent [timestamp=1494333486410, current=UP, previous=STARTING]
2017-05-09 18:08:06.504  INFO 6996 --- [nfoReplicator-0] com.netflix.discovery.DiscoveryClient    : DiscoveryClient_EMPLOYEE-SERVICE/PL1INPUN0323PC.ww304.siemens.net:employee-service:2222: registering service...
2017-05-09 18:08:06.909  INFO 6996 --- [           main] s.b.c.e.t.TomcatEmbeddedServletContainer : Tomcat started on port(s): 2222 (http)
2017-05-09 18:08:06.925  INFO 6996 --- [           main] c.n.e.EurekaDiscoveryClientConfiguration : Updating port to 2222
2017-05-09 18:08:06.925  INFO 6996 --- [           main] c.p.services.employee.EmployeeService    : Started EmployeeService in 24.94 seconds (JVM running for 26.064)
2017-05-09 18:08:07.720  INFO 6996 --- [nfoReplicator-0] com.netflix.discovery.DiscoveryClient    : DiscoveryClient_EMPLOYEE-SERVICE/PL1INPUN0323PC.ww304.siemens.net:employee-service:2222 - registration status: 204
2017-05-09 18:08:23.752  INFO 6996 --- [       Thread-4] ationConfigEmbeddedWebApplicationContext : Closing org.springframework.boot.context.embedded.AnnotationConfigEmbeddedWebApplicationContext@367b980f: startup date [Tue May 09 18:07:45 IST 2017]; parent: org.springframework.context.annotation.AnnotationConfigApplicationContext@7d1f9e25
2017-05-09 18:08:23.752  INFO 6996 --- [       Thread-4] c.n.e.EurekaDiscoveryClientConfiguration : Unregistering application employee-service with eureka with status DOWN
2017-05-09 18:08:23.752  WARN 6996 --- [       Thread-4] com.netflix.discovery.DiscoveryClient    : Saw local status change event StatusChangeEvent [timestamp=1494333503752, current=DOWN, previous=UP]
2017-05-09 18:08:23.768  INFO 6996 --- [       Thread-4] com.netflix.discovery.DiscoveryClient    : DiscoveryClient_EMPLOYEE-SERVICE/PL1INPUN0323PC.ww304.siemens.net:employee-service:2222 - deregister  status: 200
2017-05-09 18:08:23.783  INFO 6996 --- [       Thread-4] o.s.c.support.DefaultLifecycleProcessor  : Stopping beans in phase 0
2017-05-09 18:08:23.799  INFO 6996 --- [       Thread-4] o.s.j.e.a.AnnotationMBeanExporter        : Unregistering JMX-exposed beans on shutdown
2017-05-09 18:08:23.799  INFO 6996 --- [       Thread-4] o.s.j.e.a.AnnotationMBeanExporter        : Unregistering JMX-exposed beans
2017-05-09 18:08:23.799  INFO 6996 --- [       Thread-4] j.LocalContainerEntityManagerFactoryBean : Closing JPA EntityManagerFactory for persistence unit 'default'
2017-05-09 18:08:23.799  INFO 6996 --- [       Thread-4] o.s.j.d.e.EmbeddedDatabaseFactory        : Shutting down embedded database: url='jdbc:hsqldb:mem:testdb'
