Initialzing main class
Initializing registration service
Initialiaing Microserver registration server
2017-05-12 17:19:26.731  INFO 9140 --- [           main] s.c.a.AnnotationConfigApplicationContext : Refreshing org.springframework.context.annotation.AnnotationConfigApplicationContext@1a3867c1: startup date [Fri May 12 17:19:26 IST 2017]; root of context hierarchy
2017-05-12 17:19:27.160  INFO 9140 --- [           main] f.a.AutowiredAnnotationBeanPostProcessor : JSR-330 'javax.inject.Inject' annotation found and supported for autowiring
2017-05-12 17:19:27.214  INFO 9140 --- [           main] trationDelegate$BeanPostProcessorChecker : Bean 'configurationPropertiesRebinderAutoConfiguration' of type [class org.springframework.cloud.autoconfigure.ConfigurationPropertiesRebinderAutoConfiguration$$EnhancerBySpringCGLIB$$c0de9050] is not eligible for getting processed by all BeanPostProcessors (for example: not eligible for auto-proxying)

  .   ____          _            __ _ _
 /\\ / ___'_ __ _ _(_)_ __  __ _ \ \ \ \
( ( )\___ | '_ | '_| | '_ \/ _` | \ \ \ \
 \\/  ___)| |_)| | | | | || (_| |  ) ) ) )
  '  |____| .__|_| |_|_| |_\__, | / / / /
 =========|_|==============|___/=/_/_/_/
 :: Spring Boot ::        (v1.3.5.RELEASE)

2017-05-12 17:19:28.010  INFO 9140 --- [           main] c.p.s.registration.RegistrationService   : No active profile set, falling back to default profiles: default
2017-05-12 17:19:28.029  INFO 9140 --- [           main] ationConfigEmbeddedWebApplicationContext : Refreshing org.springframework.boot.context.embedded.AnnotationConfigEmbeddedWebApplicationContext@68844589: startup date [Fri May 12 17:19:28 IST 2017]; parent: org.springframework.context.annotation.AnnotationConfigApplicationContext@1a3867c1
2017-05-12 17:19:30.656  WARN 9140 --- [           main] o.s.c.a.ConfigurationClassPostProcessor  : Cannot enhance @Configuration bean definition 'refreshScope' since its singleton instance has been created too early. The typical cause is a non-static @Bean method with a BeanDefinitionRegistryPostProcessor return type: Consider declaring such methods as 'static'.
2017-05-12 17:19:30.985  INFO 9140 --- [           main] o.s.cloud.context.scope.GenericScope     : BeanFactory id=840f7b9e-39c2-3a48-8323-993c1991e98e
2017-05-12 17:19:31.027  INFO 9140 --- [           main] f.a.AutowiredAnnotationBeanPostProcessor : JSR-330 'javax.inject.Inject' annotation found and supported for autowiring
2017-05-12 17:19:31.308  INFO 9140 --- [           main] trationDelegate$BeanPostProcessorChecker : Bean 'org.springframework.transaction.annotation.ProxyTransactionManagementConfiguration' of type [class org.springframework.transaction.annotation.ProxyTransactionManagementConfiguration$$EnhancerBySpringCGLIB$$a4c48d53] is not eligible for getting processed by all BeanPostProcessors (for example: not eligible for auto-proxying)
2017-05-12 17:19:31.403  INFO 9140 --- [           main] trationDelegate$BeanPostProcessorChecker : Bean 'org.springframework.cloud.autoconfigure.ConfigurationPropertiesRebinderAutoConfiguration' of type [class org.springframework.cloud.autoconfigure.ConfigurationPropertiesRebinderAutoConfiguration$$EnhancerBySpringCGLIB$$c0de9050] is not eligible for getting processed by all BeanPostProcessors (for example: not eligible for auto-proxying)
2017-05-12 17:19:31.420  INFO 9140 --- [           main] trationDelegate$BeanPostProcessorChecker : Bean 'org.springframework.cloud.autoconfigure.RefreshEndpointAutoConfiguration' of type [class org.springframework.cloud.autoconfigure.RefreshEndpointAutoConfiguration$$EnhancerBySpringCGLIB$$6a3d9246] is not eligible for getting processed by all BeanPostProcessors (for example: not eligible for auto-proxying)
2017-05-12 17:19:32.080  INFO 9140 --- [           main] s.b.c.e.t.TomcatEmbeddedServletContainer : Tomcat initialized with port(s): 1111 (http)
2017-05-12 17:19:32.101  INFO 9140 --- [           main] o.apache.catalina.core.StandardService   : Starting service Tomcat
2017-05-12 17:19:32.103  INFO 9140 --- [           main] org.apache.catalina.core.StandardEngine  : Starting Servlet Engine: Apache Tomcat/8.0.33
2017-05-12 17:19:32.481  INFO 9140 --- [ost-startStop-1] o.a.c.c.C.[Tomcat].[localhost].[/]       : Initializing Spring embedded WebApplicationContext
2017-05-12 17:19:32.481  INFO 9140 --- [ost-startStop-1] o.s.web.context.ContextLoader            : Root WebApplicationContext: initialization completed in 4453 ms
2017-05-12 17:19:34.114  INFO 9140 --- [ost-startStop-1] o.s.b.c.embedded.FilterRegistrationBean  : Mapping filter: 'metricFilter' to: [/*]
2017-05-12 17:19:34.115  INFO 9140 --- [ost-startStop-1] o.s.b.c.embedded.FilterRegistrationBean  : Mapping filter: 'characterEncodingFilter' to: [/*]
2017-05-12 17:19:34.115  INFO 9140 --- [ost-startStop-1] o.s.b.c.embedded.FilterRegistrationBean  : Mapping filter: 'hiddenHttpMethodFilter' to: [/*]
2017-05-12 17:19:34.116  INFO 9140 --- [ost-startStop-1] o.s.b.c.embedded.FilterRegistrationBean  : Mapping filter: 'httpPutFormContentFilter' to: [/*]
2017-05-12 17:19:34.116  INFO 9140 --- [ost-startStop-1] o.s.b.c.embedded.FilterRegistrationBean  : Mapping filter: 'requestContextFilter' to: [/*]
2017-05-12 17:19:34.116  INFO 9140 --- [ost-startStop-1] o.s.b.c.embedded.FilterRegistrationBean  : Mapping filter: 'webRequestTraceFilter' to: [/*]
2017-05-12 17:19:34.117  INFO 9140 --- [ost-startStop-1] o.s.b.c.embedded.FilterRegistrationBean  : Mapping filter: 'servletContainer' to urls: [/eureka/*]
2017-05-12 17:19:34.118  INFO 9140 --- [ost-startStop-1] o.s.b.c.embedded.FilterRegistrationBean  : Mapping filter: 'applicationContextIdFilter' to: [/*]
2017-05-12 17:19:34.118  INFO 9140 --- [ost-startStop-1] o.s.b.c.e.ServletRegistrationBean        : Mapping servlet: 'dispatcherServlet' to [/]
2017-05-12 17:19:34.327  INFO 9140 --- [ost-startStop-1] c.s.j.s.i.a.WebApplicationImpl           : Initiating Jersey application, version 'Jersey: 1.19.1 03/11/2016 02:08 PM'
2017-05-12 17:19:34.514  INFO 9140 --- [ost-startStop-1] c.n.d.provider.DiscoveryJerseyProvider   : Using JSON encoding codec LegacyJacksonJson
2017-05-12 17:19:34.516  INFO 9140 --- [ost-startStop-1] c.n.d.provider.DiscoveryJerseyProvider   : Using JSON decoding codec LegacyJacksonJson
2017-05-12 17:19:35.141  INFO 9140 --- [ost-startStop-1] c.n.d.provider.DiscoveryJerseyProvider   : Using XML encoding codec XStreamXml
2017-05-12 17:19:35.141  INFO 9140 --- [ost-startStop-1] c.n.d.provider.DiscoveryJerseyProvider   : Using XML decoding codec XStreamXml
2017-05-12 17:19:36.481  INFO 9140 --- [           main] j.LocalContainerEntityManagerFactoryBean : Building JPA container EntityManagerFactory for persistence unit 'default'
2017-05-12 17:19:36.503  INFO 9140 --- [           main] o.hibernate.jpa.internal.util.LogHelper  : HHH000204: Processing PersistenceUnitInfo [
	name: default
	...]
2017-05-12 17:19:36.725  INFO 9140 --- [           main] org.hibernate.Version                    : HHH000412: Hibernate Core {4.3.11.Final}
2017-05-12 17:19:36.735  INFO 9140 --- [           main] org.hibernate.cfg.Environment            : HHH000206: hibernate.properties not found
2017-05-12 17:19:36.738  INFO 9140 --- [           main] org.hibernate.cfg.Environment            : HHH000021: Bytecode provider name : javassist
2017-05-12 17:19:37.206  INFO 9140 --- [           main] o.hibernate.annotations.common.Version   : HCANN000001: Hibernate Commons Annotations {4.0.5.Final}
2017-05-12 17:19:37.422  INFO 9140 --- [           main] org.hibernate.dialect.Dialect            : HHH000400: Using dialect: org.hibernate.dialect.HSQLDialect
2017-05-12 17:19:37.514  INFO 9140 --- [           main] o.h.h.i.ast.ASTQueryTranslatorFactory    : HHH000397: Using ASTQueryTranslatorFactory
2017-05-12 17:19:37.814  INFO 9140 --- [           main] org.hibernate.tool.hbm2ddl.SchemaExport  : HHH000227: Running hbm2ddl schema export
2017-05-12 17:19:37.821  INFO 9140 --- [           main] org.hibernate.tool.hbm2ddl.SchemaExport  : HHH000230: Schema export complete
2017-05-12 17:19:38.179  INFO 9140 --- [           main] o.s.c.n.eureka.InstanceInfoFactory       : Setting initial instance status as: STARTING
2017-05-12 17:19:38.297  INFO 9140 --- [           main] com.netflix.discovery.DiscoveryClient    : Client configured to neither register nor query for data.
2017-05-12 17:19:38.483  INFO 9140 --- [           main] c.n.eureka.DefaultEurekaServerContext    : Initializing ...
2017-05-12 17:19:38.487  WARN 9140 --- [           main] c.n.eureka.cluster.PeerEurekaNodes       : The replica size seems to be empty. Check the route 53 DNS Registry
2017-05-12 17:19:38.508  INFO 9140 --- [           main] c.n.e.registry.AbstractInstanceRegistry  : Finished initializing remote region registries. All known remote regions: []
2017-05-12 17:19:38.509  INFO 9140 --- [           main] c.n.eureka.DefaultEurekaServerContext    : Initialized
2017-05-12 17:19:39.098  INFO 9140 --- [           main] s.w.s.m.m.a.RequestMappingHandlerAdapter : Looking for @ControllerAdvice: org.springframework.boot.context.embedded.AnnotationConfigEmbeddedWebApplicationContext@68844589: startup date [Fri May 12 17:19:28 IST 2017]; parent: org.springframework.context.annotation.AnnotationConfigApplicationContext@1a3867c1
2017-05-12 17:19:39.279  INFO 9140 --- [           main] s.w.s.m.m.a.RequestMappingHandlerMapping : Mapped "{[/],methods=[GET]}" onto public java.lang.String org.springframework.cloud.netflix.eureka.server.EurekaController.status(javax.servlet.http.HttpServletRequest,java.util.Map<java.lang.String, java.lang.Object>)
2017-05-12 17:19:39.281  INFO 9140 --- [           main] s.w.s.m.m.a.RequestMappingHandlerMapping : Mapped "{[/lastn],methods=[GET]}" onto public java.lang.String org.springframework.cloud.netflix.eureka.server.EurekaController.lastn(javax.servlet.http.HttpServletRequest,java.util.Map<java.lang.String, java.lang.Object>)
2017-05-12 17:19:39.284  INFO 9140 --- [           main] s.w.s.m.m.a.RequestMappingHandlerMapping : Mapped "{[/error]}" onto public org.springframework.http.ResponseEntity<java.util.Map<java.lang.String, java.lang.Object>> org.springframework.boot.autoconfigure.web.BasicErrorController.error(javax.servlet.http.HttpServletRequest)
2017-05-12 17:19:39.284  INFO 9140 --- [           main] s.w.s.m.m.a.RequestMappingHandlerMapping : Mapped "{[/error],produces=[text/html]}" onto public org.springframework.web.servlet.ModelAndView org.springframework.boot.autoconfigure.web.BasicErrorController.errorHtml(javax.servlet.http.HttpServletRequest,javax.servlet.http.HttpServletResponse)
2017-05-12 17:19:39.364  INFO 9140 --- [           main] o.s.w.s.handler.SimpleUrlHandlerMapping  : Mapped URL path [/webjars/**] onto handler of type [class org.springframework.web.servlet.resource.ResourceHttpRequestHandler]
2017-05-12 17:19:39.364  INFO 9140 --- [           main] o.s.w.s.handler.SimpleUrlHandlerMapping  : Mapped URL path [/**] onto handler of type [class org.springframework.web.servlet.resource.ResourceHttpRequestHandler]
2017-05-12 17:19:39.498  INFO 9140 --- [           main] o.s.w.s.handler.SimpleUrlHandlerMapping  : Mapped URL path [/**/favicon.ico] onto handler of type [class org.springframework.web.servlet.resource.ResourceHttpRequestHandler]
2017-05-12 17:19:40.762  INFO 9140 --- [           main] o.s.b.a.e.mvc.EndpointHandlerMapping     : Mapped "{[/env],methods=[POST]}" onto public java.lang.Object org.springframework.cloud.context.environment.EnvironmentManagerMvcEndpoint.value(java.util.Map<java.lang.String, java.lang.String>)
2017-05-12 17:19:40.764  INFO 9140 --- [           main] o.s.b.a.e.mvc.EndpointHandlerMapping     : Mapped "{[/env/reset],methods=[POST]}" onto public java.util.Map<java.lang.String, java.lang.Object> org.springframework.cloud.context.environment.EnvironmentManagerMvcEndpoint.reset()
2017-05-12 17:19:40.765  INFO 9140 --- [           main] o.s.b.a.e.mvc.EndpointHandlerMapping     : Mapped "{[/trace || /trace.json],methods=[GET],produces=[application/json]}" onto public java.lang.Object org.springframework.boot.actuate.endpoint.mvc.EndpointMvcAdapter.invoke()
2017-05-12 17:19:40.767  INFO 9140 --- [           main] o.s.b.a.e.mvc.EndpointHandlerMapping     : Mapped "{[/env/{name:.*}],methods=[GET],produces=[application/json]}" onto public java.lang.Object org.springframework.boot.actuate.endpoint.mvc.EnvironmentMvcEndpoint.value(java.lang.String)
2017-05-12 17:19:40.767  INFO 9140 --- [           main] o.s.b.a.e.mvc.EndpointHandlerMapping     : Mapped "{[/env || /env.json],methods=[GET],produces=[application/json]}" onto public java.lang.Object org.springframework.boot.actuate.endpoint.mvc.EndpointMvcAdapter.invoke()
2017-05-12 17:19:40.769  INFO 9140 --- [           main] o.s.b.a.e.mvc.EndpointHandlerMapping     : Mapped "{[/health || /health.json],produces=[application/json]}" onto public java.lang.Object org.springframework.boot.actuate.endpoint.mvc.HealthMvcEndpoint.invoke(java.security.Principal)
2017-05-12 17:19:40.773  INFO 9140 --- [           main] o.s.b.a.e.mvc.EndpointHandlerMapping     : Mapped "{[/configprops || /configprops.json],methods=[GET],produces=[application/json]}" onto public java.lang.Object org.springframework.boot.actuate.endpoint.mvc.EndpointMvcAdapter.invoke()
2017-05-12 17:19:40.774  INFO 9140 --- [           main] o.s.b.a.e.mvc.EndpointHandlerMapping     : Mapped "{[/info || /info.json],methods=[GET],produces=[application/json]}" onto public java.lang.Object org.springframework.boot.actuate.endpoint.mvc.EndpointMvcAdapter.invoke()
2017-05-12 17:19:40.775  INFO 9140 --- [           main] o.s.b.a.e.mvc.EndpointHandlerMapping     : Mapped "{[/refresh || /refresh.json],methods=[POST]}" onto public java.lang.Object org.springframework.cloud.endpoint.GenericPostableMvcEndpoint.invoke()
2017-05-12 17:19:40.776  INFO 9140 --- [           main] o.s.b.a.e.mvc.EndpointHandlerMapping     : Mapped "{[/metrics/{name:.*}],methods=[GET],produces=[application/json]}" onto public java.lang.Object org.springframework.boot.actuate.endpoint.mvc.MetricsMvcEndpoint.value(java.lang.String)
2017-05-12 17:19:40.776  INFO 9140 --- [           main] o.s.b.a.e.mvc.EndpointHandlerMapping     : Mapped "{[/metrics || /metrics.json],methods=[GET],produces=[application/json]}" onto public java.lang.Object org.springframework.boot.actuate.endpoint.mvc.EndpointMvcAdapter.invoke()
2017-05-12 17:19:40.779  INFO 9140 --- [           main] o.s.b.a.e.mvc.EndpointHandlerMapping     : Mapped "{[/archaius || /archaius.json],methods=[GET],produces=[application/json]}" onto public java.lang.Object org.springframework.boot.actuate.endpoint.mvc.EndpointMvcAdapter.invoke()
2017-05-12 17:19:40.781  INFO 9140 --- [           main] o.s.b.a.e.mvc.EndpointHandlerMapping     : Mapped "{[/restart || /restart.json],methods=[POST]}" onto public java.lang.Object org.springframework.cloud.context.restart.RestartMvcEndpoint.invoke()
2017-05-12 17:19:40.782  INFO 9140 --- [           main] o.s.b.a.e.mvc.EndpointHandlerMapping     : Mapped "{[/autoconfig || /autoconfig.json],methods=[GET],produces=[application/json]}" onto public java.lang.Object org.springframework.boot.actuate.endpoint.mvc.EndpointMvcAdapter.invoke()
2017-05-12 17:19:40.783  INFO 9140 --- [           main] o.s.b.a.e.mvc.EndpointHandlerMapping     : Mapped "{[/beans || /beans.json],methods=[GET],produces=[application/json]}" onto public java.lang.Object org.springframework.boot.actuate.endpoint.mvc.EndpointMvcAdapter.invoke()
2017-05-12 17:19:40.784  INFO 9140 --- [           main] o.s.b.a.e.mvc.EndpointHandlerMapping     : Mapped "{[/dump || /dump.json],methods=[GET],produces=[application/json]}" onto public java.lang.Object org.springframework.boot.actuate.endpoint.mvc.EndpointMvcAdapter.invoke()
2017-05-12 17:19:40.784  INFO 9140 --- [           main] o.s.b.a.e.mvc.EndpointHandlerMapping     : Mapped "{[/pause || /pause.json],methods=[POST]}" onto public java.lang.Object org.springframework.cloud.endpoint.GenericPostableMvcEndpoint.invoke()
2017-05-12 17:19:40.786  INFO 9140 --- [           main] o.s.b.a.e.mvc.EndpointHandlerMapping     : Mapped "{[/resume || /resume.json],methods=[POST]}" onto public java.lang.Object org.springframework.cloud.endpoint.GenericPostableMvcEndpoint.invoke()
2017-05-12 17:19:40.788  INFO 9140 --- [           main] o.s.b.a.e.mvc.EndpointHandlerMapping     : Mapped "{[/mappings || /mappings.json],methods=[GET],produces=[application/json]}" onto public java.lang.Object org.springframework.boot.actuate.endpoint.mvc.EndpointMvcAdapter.invoke()
2017-05-12 17:19:40.788  INFO 9140 --- [           main] o.s.b.a.e.mvc.EndpointHandlerMapping     : Mapped "{[/features || /features.json],methods=[GET],produces=[application/json]}" onto public java.lang.Object org.springframework.boot.actuate.endpoint.mvc.EndpointMvcAdapter.invoke()
2017-05-12 17:19:41.130  INFO 9140 --- [           main] o.s.ui.freemarker.SpringTemplateLoader   : SpringTemplateLoader for FreeMarker: using resource loader [org.springframework.boot.context.embedded.AnnotationConfigEmbeddedWebApplicationContext@68844589: startup date [Fri May 12 17:19:28 IST 2017]; parent: org.springframework.context.annotation.AnnotationConfigApplicationContext@1a3867c1] and template loader path [classpath:/templates/]
2017-05-12 17:19:41.134  INFO 9140 --- [           main] o.s.w.s.v.f.FreeMarkerConfigurer         : ClassTemplateLoader for Spring macros added to FreeMarker configuration
2017-05-12 17:19:41.852  WARN 9140 --- [           main] o.s.c.n.a.ArchaiusAutoConfiguration      : No spring.application.name found, defaulting to 'application'
2017-05-12 17:19:41.860  WARN 9140 --- [           main] c.n.c.sources.URLConfigurationSource     : No URLs will be polled as dynamic configuration sources.
2017-05-12 17:19:41.860  INFO 9140 --- [           main] c.n.c.sources.URLConfigurationSource     : To enable URLs as dynamic configuration sources, define System property archaius.configurationSource.additionalUrls or make config.properties available on classpath.
2017-05-12 17:19:41.872  WARN 9140 --- [           main] c.n.c.sources.URLConfigurationSource     : No URLs will be polled as dynamic configuration sources.
2017-05-12 17:19:41.872  INFO 9140 --- [           main] c.n.c.sources.URLConfigurationSource     : To enable URLs as dynamic configuration sources, define System property archaius.configurationSource.additionalUrls or make config.properties available on classpath.
2017-05-12 17:19:42.071  INFO 9140 --- [           main] o.s.j.e.a.AnnotationMBeanExporter        : Registering beans for JMX exposure on startup
2017-05-12 17:19:42.089  INFO 9140 --- [           main] o.s.j.e.a.AnnotationMBeanExporter        : Bean with name 'refreshScope' has been autodetected for JMX exposure
2017-05-12 17:19:42.090  INFO 9140 --- [           main] o.s.j.e.a.AnnotationMBeanExporter        : Bean with name 'environmentManager' has been autodetected for JMX exposure
2017-05-12 17:19:42.092  INFO 9140 --- [           main] o.s.j.e.a.AnnotationMBeanExporter        : Bean with name 'configurationPropertiesRebinder' has been autodetected for JMX exposure
2017-05-12 17:19:42.093  INFO 9140 --- [           main] o.s.j.e.a.AnnotationMBeanExporter        : Bean with name 'refreshEndpoint' has been autodetected for JMX exposure
2017-05-12 17:19:42.094  INFO 9140 --- [           main] o.s.j.e.a.AnnotationMBeanExporter        : Bean with name 'restartEndpoint' has been autodetected for JMX exposure
2017-05-12 17:19:42.098  INFO 9140 --- [           main] o.s.j.e.a.AnnotationMBeanExporter        : Located managed bean 'environmentManager': registering with JMX server as MBean [org.springframework.cloud.context.environment:name=environmentManager,type=EnvironmentManager]
2017-05-12 17:19:42.118  INFO 9140 --- [           main] o.s.j.e.a.AnnotationMBeanExporter        : Located managed bean 'restartEndpoint': registering with JMX server as MBean [org.springframework.cloud.context.restart:name=restartEndpoint,type=RestartEndpoint]
2017-05-12 17:19:42.170  INFO 9140 --- [           main] o.s.j.e.a.AnnotationMBeanExporter        : Located managed bean 'refreshScope': registering with JMX server as MBean [org.springframework.cloud.context.scope.refresh:name=refreshScope,type=RefreshScope]
2017-05-12 17:19:42.191  INFO 9140 --- [           main] o.s.j.e.a.AnnotationMBeanExporter        : Located managed bean 'configurationPropertiesRebinder': registering with JMX server as MBean [org.springframework.cloud.context.properties:name=configurationPropertiesRebinder,context=68844589,type=ConfigurationPropertiesRebinder]
2017-05-12 17:19:42.221  INFO 9140 --- [           main] o.s.j.e.a.AnnotationMBeanExporter        : Located managed bean 'refreshEndpoint': registering with JMX server as MBean [org.springframework.cloud.endpoint:name=refreshEndpoint,type=RefreshEndpoint]
2017-05-12 17:19:42.549  INFO 9140 --- [           main] o.s.c.support.DefaultLifecycleProcessor  : Starting beans in phase 0
2017-05-12 17:19:42.553  INFO 9140 --- [           main] c.n.e.EurekaDiscoveryClientConfiguration : Registering application unknown with eureka with status UP
2017-05-12 17:19:42.592  INFO 9140 --- [       Thread-9] o.s.c.n.e.server.EurekaServerBootstrap   : Setting the eureka configuration..
2017-05-12 17:19:42.592  INFO 9140 --- [       Thread-9] o.s.c.n.e.server.EurekaServerBootstrap   : Eureka data center value eureka.datacenter is not set, defaulting to default
2017-05-12 17:19:42.592  INFO 9140 --- [       Thread-9] o.s.c.n.e.server.EurekaServerBootstrap   : Eureka environment value eureka.environment is not set, defaulting to test
2017-05-12 17:19:42.749  INFO 9140 --- [       Thread-9] o.s.c.n.e.server.EurekaServerBootstrap   : isAws returned false
2017-05-12 17:19:42.749  INFO 9140 --- [       Thread-9] o.s.c.n.e.server.EurekaServerBootstrap   : Initialized server context
2017-05-12 17:19:42.750  INFO 9140 --- [       Thread-9] c.n.e.r.PeerAwareInstanceRegistryImpl    : Got 1 instances from neighboring DS node
2017-05-12 17:19:42.750  INFO 9140 --- [       Thread-9] c.n.e.r.PeerAwareInstanceRegistryImpl    : Renew threshold is: 1
2017-05-12 17:19:42.750  INFO 9140 --- [       Thread-9] c.n.e.r.PeerAwareInstanceRegistryImpl    : Changing status to UP
2017-05-12 17:19:42.762  INFO 9140 --- [       Thread-9] e.s.EurekaServerInitializerConfiguration : Started Eureka Server
2017-05-12 17:19:42.934  INFO 9140 --- [           main] s.b.c.e.t.TomcatEmbeddedServletContainer : Tomcat started on port(s): 1111 (http)
2017-05-12 17:19:42.935  INFO 9140 --- [           main] c.n.e.EurekaDiscoveryClientConfiguration : Updating port to 1111
2017-05-12 17:19:42.939  INFO 9140 --- [           main] c.p.s.registration.RegistrationService   : Started RegistrationService in 17.705 seconds (JVM running for 18.579)
2017-05-12 17:21:08.305  INFO 9140 --- [nio-1111-exec-1] o.a.c.c.C.[Tomcat].[localhost].[/]       : Initializing Spring FrameworkServlet 'dispatcherServlet'
2017-05-12 17:21:08.306  INFO 9140 --- [nio-1111-exec-1] o.s.web.servlet.DispatcherServlet        : FrameworkServlet 'dispatcherServlet': initialization started
2017-05-12 17:21:08.490  INFO 9140 --- [nio-1111-exec-1] o.s.web.servlet.DispatcherServlet        : FrameworkServlet 'dispatcherServlet': initialization completed in 184 ms
2017-05-12 17:21:12.389  INFO 9140 --- [nio-1111-exec-2] c.n.e.registry.AbstractInstanceRegistry  : Registered instance EMPLOYEE-SERVICE/PL1INPUN0323PC.ww304.siemens.net:employee-service:2222 with status UP (replication=false)
2017-05-12 17:21:15.730  INFO 9140 --- [nio-1111-exec-5] c.n.e.registry.AbstractInstanceRegistry  : Registered instance WEB-SERVICE/PL1INPUN0323PC.ww304.siemens.net:web-service:3333 with status UP (replication=false)
