Initialzing main class
Initializing web service
Initializing Web Service
2017-05-12 17:20:25.826  INFO 6880 --- [           main] s.c.a.AnnotationConfigApplicationContext : Refreshing org.springframework.context.annotation.AnnotationConfigApplicationContext@1a3867c1: startup date [Fri May 12 17:20:25 IST 2017]; root of context hierarchy
2017-05-12 17:20:26.603  INFO 6880 --- [           main] f.a.AutowiredAnnotationBeanPostProcessor : JSR-330 'javax.inject.Inject' annotation found and supported for autowiring
2017-05-12 17:20:26.758  INFO 6880 --- [           main] trationDelegate$BeanPostProcessorChecker : Bean 'configurationPropertiesRebinderAutoConfiguration' of type [class org.springframework.cloud.autoconfigure.ConfigurationPropertiesRebinderAutoConfiguration$$EnhancerBySpringCGLIB$$f94c036f] is not eligible for getting processed by all BeanPostProcessors (for example: not eligible for auto-proxying)

  .   ____          _            __ _ _
 /\\ / ___'_ __ _ _(_)_ __  __ _ \ \ \ \
( ( )\___ | '_ | '_| | '_ \/ _` | \ \ \ \
 \\/  ___)| |_)| | | | | || (_| |  ) ) ) )
  '  |____| .__|_| |_|_| |_\__, | / / / /
 =========|_|==============|___/=/_/_/_/
 :: Spring Boot ::        (v1.3.5.RELEASE)

2017-05-12 17:20:28.882  INFO 6880 --- [           main] com.pivotal.services.web.WebService      : No active profile set, falling back to default profiles: default
2017-05-12 17:20:29.127  INFO 6880 --- [           main] ationConfigEmbeddedWebApplicationContext : Refreshing org.springframework.boot.context.embedded.AnnotationConfigEmbeddedWebApplicationContext@6dd4ef0e: startup date [Fri May 12 17:20:29 IST 2017]; parent: org.springframework.context.annotation.AnnotationConfigApplicationContext@1a3867c1
2017-05-12 17:20:39.612  WARN 6880 --- [           main] o.s.c.a.ConfigurationClassPostProcessor  : Cannot enhance @Configuration bean definition 'refreshScope' since its singleton instance has been created too early. The typical cause is a non-static @Bean method with a BeanDefinitionRegistryPostProcessor return type: Consider declaring such methods as 'static'.
2017-05-12 17:20:39.901  INFO 6880 --- [           main] o.s.cloud.context.scope.GenericScope     : BeanFactory id=d40b6f99-c8fe-3319-ae25-df7764cd20ab
2017-05-12 17:20:39.952  INFO 6880 --- [           main] f.a.AutowiredAnnotationBeanPostProcessor : JSR-330 'javax.inject.Inject' annotation found and supported for autowiring
2017-05-12 17:20:39.993  INFO 6880 --- [           main] trationDelegate$BeanPostProcessorChecker : Bean 'com.pivotal.services.web.EmployeesServiceFeignClient' of type [class org.springframework.cloud.netflix.feign.FeignClientFactoryBean] is not eligible for getting processed by all BeanPostProcessors (for example: not eligible for auto-proxying)
2017-05-12 17:20:40.349  INFO 6880 --- [           main] trationDelegate$BeanPostProcessorChecker : Bean 'org.springframework.transaction.annotation.ProxyTransactionManagementConfiguration' of type [class org.springframework.transaction.annotation.ProxyTransactionManagementConfiguration$$EnhancerBySpringCGLIB$$dd320072] is not eligible for getting processed by all BeanPostProcessors (for example: not eligible for auto-proxying)
2017-05-12 17:20:40.527  INFO 6880 --- [           main] trationDelegate$BeanPostProcessorChecker : Bean 'org.springframework.cloud.autoconfigure.ConfigurationPropertiesRebinderAutoConfiguration' of type [class org.springframework.cloud.autoconfigure.ConfigurationPropertiesRebinderAutoConfiguration$$EnhancerBySpringCGLIB$$f94c036f] is not eligible for getting processed by all BeanPostProcessors (for example: not eligible for auto-proxying)
2017-05-12 17:20:40.563  INFO 6880 --- [           main] trationDelegate$BeanPostProcessorChecker : Bean 'org.springframework.cloud.autoconfigure.RefreshEndpointAutoConfiguration' of type [class org.springframework.cloud.autoconfigure.RefreshEndpointAutoConfiguration$$EnhancerBySpringCGLIB$$a2ab0565] is not eligible for getting processed by all BeanPostProcessors (for example: not eligible for auto-proxying)
2017-05-12 17:20:42.324  INFO 6880 --- [           main] s.b.c.e.t.TomcatEmbeddedServletContainer : Tomcat initialized with port(s): 3333 (http)
2017-05-12 17:20:42.358  INFO 6880 --- [           main] o.apache.catalina.core.StandardService   : Starting service Tomcat
2017-05-12 17:20:42.368  INFO 6880 --- [           main] org.apache.catalina.core.StandardEngine  : Starting Servlet Engine: Apache Tomcat/8.0.33
2017-05-12 17:20:43.123  INFO 6880 --- [ost-startStop-1] o.a.c.c.C.[Tomcat].[localhost].[/]       : Initializing Spring embedded WebApplicationContext
2017-05-12 17:20:43.124  INFO 6880 --- [ost-startStop-1] o.s.web.context.ContextLoader            : Root WebApplicationContext: initialization completed in 13997 ms
2017-05-12 17:20:44.107  INFO 6880 --- [ost-startStop-1] o.s.b.c.e.ServletRegistrationBean        : Mapping servlet: 'dispatcherServlet' to [/]
2017-05-12 17:20:44.131  INFO 6880 --- [ost-startStop-1] o.s.b.c.embedded.FilterRegistrationBean  : Mapping filter: 'metricFilter' to: [/*]
2017-05-12 17:20:44.131  INFO 6880 --- [ost-startStop-1] o.s.b.c.embedded.FilterRegistrationBean  : Mapping filter: 'characterEncodingFilter' to: [/*]
2017-05-12 17:20:44.131  INFO 6880 --- [ost-startStop-1] o.s.b.c.embedded.FilterRegistrationBean  : Mapping filter: 'webRequestLoggingFilter' to: [/*]
2017-05-12 17:20:44.131  INFO 6880 --- [ost-startStop-1] o.s.b.c.embedded.FilterRegistrationBean  : Mapping filter: 'applicationContextIdFilter' to: [/*]
2017-05-12 17:20:49.209  INFO 6880 --- [           main] j.LocalContainerEntityManagerFactoryBean : Building JPA container EntityManagerFactory for persistence unit 'default'
2017-05-12 17:20:49.261  INFO 6880 --- [           main] o.hibernate.jpa.internal.util.LogHelper  : HHH000204: Processing PersistenceUnitInfo [
	name: default
	...]
2017-05-12 17:20:49.508  INFO 6880 --- [           main] org.hibernate.Version                    : HHH000412: Hibernate Core {4.3.11.Final}
2017-05-12 17:20:49.513  INFO 6880 --- [           main] org.hibernate.cfg.Environment            : HHH000206: hibernate.properties not found
2017-05-12 17:20:49.517  INFO 6880 --- [           main] org.hibernate.cfg.Environment            : HHH000021: Bytecode provider name : javassist
2017-05-12 17:20:52.488  INFO 6880 --- [           main] o.hibernate.annotations.common.Version   : HCANN000001: Hibernate Commons Annotations {4.0.5.Final}
2017-05-12 17:20:53.205  INFO 6880 --- [           main] org.hibernate.dialect.Dialect            : HHH000400: Using dialect: org.hibernate.dialect.HSQLDialect
2017-05-12 17:20:53.472  INFO 6880 --- [           main] o.h.h.i.ast.ASTQueryTranslatorFactory    : HHH000397: Using ASTQueryTranslatorFactory
2017-05-12 17:20:54.081  INFO 6880 --- [           main] org.hibernate.tool.hbm2ddl.SchemaExport  : HHH000227: Running hbm2ddl schema export
2017-05-12 17:20:54.086  INFO 6880 --- [           main] org.hibernate.tool.hbm2ddl.SchemaExport  : HHH000230: Schema export complete
2017-05-12 17:20:55.471  INFO 6880 --- [           main] s.c.a.AnnotationConfigApplicationContext : Refreshing org.springframework.context.annotation.AnnotationConfigApplicationContext@28e24ee5: startup date [Fri May 12 17:20:55 IST 2017]; parent: org.springframework.boot.context.embedded.AnnotationConfigEmbeddedWebApplicationContext@6dd4ef0e
2017-05-12 17:20:56.918  INFO 6880 --- [           main] f.a.AutowiredAnnotationBeanPostProcessor : JSR-330 'javax.inject.Inject' annotation found and supported for autowiring
2017-05-12 17:21:01.251  INFO 6880 --- [           main] s.w.s.m.m.a.RequestMappingHandlerMapping : Mapped "{[/welcome]}" onto public java.lang.String com.pivotal.services.web.EmployeeFeignController.welcomeScreenWebService()
2017-05-12 17:21:01.259  INFO 6880 --- [           main] s.w.s.m.m.a.RequestMappingHandlerMapping : Mapped "{[/getEmployee]}" onto public com.pivotal.services.web.EmployeeDto com.pivotal.services.web.WebController.getEmployee(long)
2017-05-12 17:21:01.259  INFO 6880 --- [           main] s.w.s.m.m.a.RequestMappingHandlerMapping : Mapped "{[/fetchEmployees]}" onto public java.util.List<com.pivotal.employees.Employee> com.pivotal.services.web.WebController.fetchEmployees()
2017-05-12 17:21:01.260  INFO 6880 --- [           main] s.w.s.m.m.a.RequestMappingHandlerMapping : Mapped "{[/employeeHome]}" onto public java.lang.String com.pivotal.services.web.WebController.employeeHome()
2017-05-12 17:21:01.261  INFO 6880 --- [           main] s.w.s.m.m.a.RequestMappingHandlerMapping : Mapped "{[/welcomeDefault]}" onto public java.lang.String com.pivotal.services.web.WebController.welcomeScreenDefault()
2017-05-12 17:21:01.263  INFO 6880 --- [           main] s.w.s.m.m.a.RequestMappingHandlerMapping : Mapped "{[/error]}" onto public org.springframework.http.ResponseEntity<java.util.Map<java.lang.String, java.lang.Object>> org.springframework.boot.autoconfigure.web.BasicErrorController.error(javax.servlet.http.HttpServletRequest)
2017-05-12 17:21:01.263  INFO 6880 --- [           main] s.w.s.m.m.a.RequestMappingHandlerMapping : Mapped "{[/error],produces=[text/html]}" onto public org.springframework.web.servlet.ModelAndView org.springframework.boot.autoconfigure.web.BasicErrorController.errorHtml(javax.servlet.http.HttpServletRequest,javax.servlet.http.HttpServletResponse)
2017-05-12 17:21:02.216  INFO 6880 --- [           main] s.w.s.m.m.a.RequestMappingHandlerAdapter : Looking for @ControllerAdvice: org.springframework.boot.context.embedded.AnnotationConfigEmbeddedWebApplicationContext@6dd4ef0e: startup date [Fri May 12 17:20:29 IST 2017]; parent: org.springframework.context.annotation.AnnotationConfigApplicationContext@1a3867c1
2017-05-12 17:21:07.737  INFO 6880 --- [           main] o.s.b.a.e.mvc.EndpointHandlerMapping     : Mapped "{[/metrics/{name:.*}],methods=[GET],produces=[application/json]}" onto public java.lang.Object org.springframework.boot.actuate.endpoint.mvc.MetricsMvcEndpoint.value(java.lang.String)
2017-05-12 17:21:07.738  INFO 6880 --- [           main] o.s.b.a.e.mvc.EndpointHandlerMapping     : Mapped "{[/metrics || /metrics.json],methods=[GET],produces=[application/json]}" onto public java.lang.Object org.springframework.boot.actuate.endpoint.mvc.EndpointMvcAdapter.invoke()
2017-05-12 17:21:07.741  INFO 6880 --- [           main] o.s.b.a.e.mvc.EndpointHandlerMapping     : Mapped "{[/configprops || /configprops.json],methods=[GET],produces=[application/json]}" onto public java.lang.Object org.springframework.boot.actuate.endpoint.mvc.EndpointMvcAdapter.invoke()
2017-05-12 17:21:07.745  INFO 6880 --- [           main] o.s.b.a.e.mvc.EndpointHandlerMapping     : Mapped "{[/dump || /dump.json],methods=[GET],produces=[application/json]}" onto public java.lang.Object org.springframework.boot.actuate.endpoint.mvc.EndpointMvcAdapter.invoke()
2017-05-12 17:21:07.746  INFO 6880 --- [           main] o.s.b.a.e.mvc.EndpointHandlerMapping     : Mapped "{[/restart || /restart.json],methods=[POST]}" onto public java.lang.Object org.springframework.cloud.context.restart.RestartMvcEndpoint.invoke()
2017-05-12 17:21:07.750  INFO 6880 --- [           main] o.s.b.a.e.mvc.EndpointHandlerMapping     : Mapped "{[/refresh || /refresh.json],methods=[POST]}" onto public java.lang.Object org.springframework.cloud.endpoint.GenericPostableMvcEndpoint.invoke()
2017-05-12 17:21:07.751  INFO 6880 --- [           main] o.s.b.a.e.mvc.EndpointHandlerMapping     : Mapped "{[/beans || /beans.json],methods=[GET],produces=[application/json]}" onto public java.lang.Object org.springframework.boot.actuate.endpoint.mvc.EndpointMvcAdapter.invoke()
2017-05-12 17:21:07.751  INFO 6880 --- [           main] o.s.b.a.e.mvc.EndpointHandlerMapping     : Mapped "{[/trace || /trace.json],methods=[GET],produces=[application/json]}" onto public java.lang.Object org.springframework.boot.actuate.endpoint.mvc.EndpointMvcAdapter.invoke()
2017-05-12 17:21:07.754  INFO 6880 --- [           main] o.s.b.a.e.mvc.EndpointHandlerMapping     : Mapped "{[/env],methods=[POST]}" onto public java.lang.Object org.springframework.cloud.context.environment.EnvironmentManagerMvcEndpoint.value(java.util.Map<java.lang.String, java.lang.String>)
2017-05-12 17:21:07.754  INFO 6880 --- [           main] o.s.b.a.e.mvc.EndpointHandlerMapping     : Mapped "{[/env/reset],methods=[POST]}" onto public java.util.Map<java.lang.String, java.lang.Object> org.springframework.cloud.context.environment.EnvironmentManagerMvcEndpoint.reset()
2017-05-12 17:21:07.755  INFO 6880 --- [           main] o.s.b.a.e.mvc.EndpointHandlerMapping     : Mapped "{[/archaius || /archaius.json],methods=[GET],produces=[application/json]}" onto public java.lang.Object org.springframework.boot.actuate.endpoint.mvc.EndpointMvcAdapter.invoke()
2017-05-12 17:21:07.756  INFO 6880 --- [           main] o.s.b.a.e.mvc.EndpointHandlerMapping     : Mapped "{[/env/{name:.*}],methods=[GET],produces=[application/json]}" onto public java.lang.Object org.springframework.boot.actuate.endpoint.mvc.EnvironmentMvcEndpoint.value(java.lang.String)
2017-05-12 17:21:07.757  INFO 6880 --- [           main] o.s.b.a.e.mvc.EndpointHandlerMapping     : Mapped "{[/env || /env.json],methods=[GET],produces=[application/json]}" onto public java.lang.Object org.springframework.boot.actuate.endpoint.mvc.EndpointMvcAdapter.invoke()
2017-05-12 17:21:07.760  INFO 6880 --- [           main] o.s.b.a.e.mvc.EndpointHandlerMapping     : Mapped "{[/pause || /pause.json],methods=[POST]}" onto public java.lang.Object org.springframework.cloud.endpoint.GenericPostableMvcEndpoint.invoke()
2017-05-12 17:21:07.762  INFO 6880 --- [           main] o.s.b.a.e.mvc.EndpointHandlerMapping     : Mapped "{[/health || /health.json],produces=[application/json]}" onto public java.lang.Object org.springframework.boot.actuate.endpoint.mvc.HealthMvcEndpoint.invoke(java.security.Principal)
2017-05-12 17:21:07.765  INFO 6880 --- [           main] o.s.b.a.e.mvc.EndpointHandlerMapping     : Mapped "{[/resume || /resume.json],methods=[POST]}" onto public java.lang.Object org.springframework.cloud.endpoint.GenericPostableMvcEndpoint.invoke()
2017-05-12 17:21:07.765  INFO 6880 --- [           main] o.s.b.a.e.mvc.EndpointHandlerMapping     : Mapped "{[/mappings || /mappings.json],methods=[GET],produces=[application/json]}" onto public java.lang.Object org.springframework.boot.actuate.endpoint.mvc.EndpointMvcAdapter.invoke()
2017-05-12 17:21:07.766  INFO 6880 --- [           main] o.s.b.a.e.mvc.EndpointHandlerMapping     : Mapped "{[/autoconfig || /autoconfig.json],methods=[GET],produces=[application/json]}" onto public java.lang.Object org.springframework.boot.actuate.endpoint.mvc.EndpointMvcAdapter.invoke()
2017-05-12 17:21:07.766  INFO 6880 --- [           main] o.s.b.a.e.mvc.EndpointHandlerMapping     : Mapped "{[/features || /features.json],methods=[GET],produces=[application/json]}" onto public java.lang.Object org.springframework.boot.actuate.endpoint.mvc.EndpointMvcAdapter.invoke()
2017-05-12 17:21:07.768  INFO 6880 --- [           main] o.s.b.a.e.mvc.EndpointHandlerMapping     : Mapped "{[/info || /info.json],methods=[GET],produces=[application/json]}" onto public java.lang.Object org.springframework.boot.actuate.endpoint.mvc.EndpointMvcAdapter.invoke()
2017-05-12 17:21:08.732  INFO 6880 --- [           main] o.s.ui.freemarker.SpringTemplateLoader   : SpringTemplateLoader for FreeMarker: using resource loader [org.springframework.boot.context.embedded.AnnotationConfigEmbeddedWebApplicationContext@6dd4ef0e: startup date [Fri May 12 17:20:29 IST 2017]; parent: org.springframework.context.annotation.AnnotationConfigApplicationContext@1a3867c1] and template loader path [classpath:/templates/]
2017-05-12 17:21:08.734  INFO 6880 --- [           main] o.s.w.s.v.f.FreeMarkerConfigurer         : ClassTemplateLoader for Spring macros added to FreeMarker configuration
2017-05-12 17:21:12.344  WARN 6880 --- [           main] c.n.c.sources.URLConfigurationSource     : No URLs will be polled as dynamic configuration sources.
2017-05-12 17:21:12.345  INFO 6880 --- [           main] c.n.c.sources.URLConfigurationSource     : To enable URLs as dynamic configuration sources, define System property archaius.configurationSource.additionalUrls or make config.properties available on classpath.
2017-05-12 17:21:12.385  WARN 6880 --- [           main] c.n.c.sources.URLConfigurationSource     : No URLs will be polled as dynamic configuration sources.
2017-05-12 17:21:12.385  INFO 6880 --- [           main] c.n.c.sources.URLConfigurationSource     : To enable URLs as dynamic configuration sources, define System property archaius.configurationSource.additionalUrls or make config.properties available on classpath.
2017-05-12 17:21:12.613  INFO 6880 --- [           main] o.s.j.e.a.AnnotationMBeanExporter        : Registering beans for JMX exposure on startup
2017-05-12 17:21:12.633  INFO 6880 --- [           main] o.s.j.e.a.AnnotationMBeanExporter        : Bean with name 'refreshScope' has been autodetected for JMX exposure
2017-05-12 17:21:12.636  INFO 6880 --- [           main] o.s.j.e.a.AnnotationMBeanExporter        : Bean with name 'environmentManager' has been autodetected for JMX exposure
2017-05-12 17:21:12.642  INFO 6880 --- [           main] o.s.j.e.a.AnnotationMBeanExporter        : Bean with name 'configurationPropertiesRebinder' has been autodetected for JMX exposure
2017-05-12 17:21:12.643  INFO 6880 --- [           main] o.s.j.e.a.AnnotationMBeanExporter        : Bean with name 'refreshEndpoint' has been autodetected for JMX exposure
2017-05-12 17:21:12.645  INFO 6880 --- [           main] o.s.j.e.a.AnnotationMBeanExporter        : Bean with name 'restartEndpoint' has been autodetected for JMX exposure
2017-05-12 17:21:12.648  INFO 6880 --- [           main] o.s.j.e.a.AnnotationMBeanExporter        : Located managed bean 'environmentManager': registering with JMX server as MBean [org.springframework.cloud.context.environment:name=environmentManager,type=EnvironmentManager]
2017-05-12 17:21:12.677  INFO 6880 --- [           main] o.s.j.e.a.AnnotationMBeanExporter        : Located managed bean 'restartEndpoint': registering with JMX server as MBean [org.springframework.cloud.context.restart:name=restartEndpoint,type=RestartEndpoint]
2017-05-12 17:21:12.704  INFO 6880 --- [           main] o.s.j.e.a.AnnotationMBeanExporter        : Located managed bean 'refreshScope': registering with JMX server as MBean [org.springframework.cloud.context.scope.refresh:name=refreshScope,type=RefreshScope]
2017-05-12 17:21:12.729  INFO 6880 --- [           main] o.s.j.e.a.AnnotationMBeanExporter        : Located managed bean 'configurationPropertiesRebinder': registering with JMX server as MBean [org.springframework.cloud.context.properties:name=configurationPropertiesRebinder,context=6dd4ef0e,type=ConfigurationPropertiesRebinder]
2017-05-12 17:21:12.754  INFO 6880 --- [           main] o.s.j.e.a.AnnotationMBeanExporter        : Located managed bean 'refreshEndpoint': registering with JMX server as MBean [org.springframework.cloud.endpoint:name=refreshEndpoint,type=RefreshEndpoint]
2017-05-12 17:21:13.334  INFO 6880 --- [           main] o.s.c.support.DefaultLifecycleProcessor  : Starting beans in phase 0
2017-05-12 17:21:13.357  INFO 6880 --- [           main] o.s.c.n.eureka.InstanceInfoFactory       : Setting initial instance status as: STARTING
2017-05-12 17:21:14.093  INFO 6880 --- [           main] c.n.d.provider.DiscoveryJerseyProvider   : Using JSON encoding codec LegacyJacksonJson
2017-05-12 17:21:14.093  INFO 6880 --- [           main] c.n.d.provider.DiscoveryJerseyProvider   : Using JSON decoding codec LegacyJacksonJson
2017-05-12 17:21:14.308  INFO 6880 --- [           main] c.n.d.provider.DiscoveryJerseyProvider   : Using XML encoding codec XStreamXml
2017-05-12 17:21:14.316  INFO 6880 --- [           main] c.n.d.provider.DiscoveryJerseyProvider   : Using XML decoding codec XStreamXml
2017-05-12 17:21:14.765  INFO 6880 --- [           main] c.n.d.s.r.aws.ConfigClusterResolver      : Resolving eureka endpoints via configuration
2017-05-12 17:21:14.854  INFO 6880 --- [           main] com.netflix.discovery.DiscoveryClient    : Disable delta property : false
2017-05-12 17:21:14.854  INFO 6880 --- [           main] com.netflix.discovery.DiscoveryClient    : Single vip registry refresh property : null
2017-05-12 17:21:14.855  INFO 6880 --- [           main] com.netflix.discovery.DiscoveryClient    : Force full registry fetch : false
2017-05-12 17:21:14.855  INFO 6880 --- [           main] com.netflix.discovery.DiscoveryClient    : Application is null : false
2017-05-12 17:21:14.855  INFO 6880 --- [           main] com.netflix.discovery.DiscoveryClient    : Registered Applications size is zero : true
2017-05-12 17:21:14.855  INFO 6880 --- [           main] com.netflix.discovery.DiscoveryClient    : Application version is -1: true
2017-05-12 17:21:14.855  INFO 6880 --- [           main] com.netflix.discovery.DiscoveryClient    : Getting all instance registry info from the eureka server
2017-05-12 17:21:15.196  INFO 6880 --- [           main] com.netflix.discovery.DiscoveryClient    : The response status is 200
2017-05-12 17:21:15.199  INFO 6880 --- [           main] com.netflix.discovery.DiscoveryClient    : Starting heartbeat executor: renew interval is: 5
2017-05-12 17:21:15.205  INFO 6880 --- [           main] c.n.discovery.InstanceInfoReplicator     : InstanceInfoReplicator onDemand update allowed rate per min is 4
2017-05-12 17:21:15.254  INFO 6880 --- [           main] c.n.e.EurekaDiscoveryClientConfiguration : Registering application web-service with eureka with status UP
2017-05-12 17:21:15.256  INFO 6880 --- [           main] com.netflix.discovery.DiscoveryClient    : Saw local status change event StatusChangeEvent [timestamp=1494589875256, current=UP, previous=STARTING]
2017-05-12 17:21:15.340  INFO 6880 --- [nfoReplicator-0] com.netflix.discovery.DiscoveryClient    : DiscoveryClient_WEB-SERVICE/PL1INPUN0323PC.ww304.siemens.net:web-service:3333: registering service...
2017-05-12 17:21:15.674  INFO 6880 --- [           main] s.b.c.e.t.TomcatEmbeddedServletContainer : Tomcat started on port(s): 3333 (http)
2017-05-12 17:21:15.676  INFO 6880 --- [           main] c.n.e.EurekaDiscoveryClientConfiguration : Updating port to 3333
2017-05-12 17:21:15.693  INFO 6880 --- [           main] com.pivotal.services.web.WebService      : Started WebService in 56.088 seconds (JVM running for 57.695)
2017-05-12 17:21:15.739  INFO 6880 --- [nfoReplicator-0] com.netflix.discovery.DiscoveryClient    : DiscoveryClient_WEB-SERVICE/PL1INPUN0323PC.ww304.siemens.net:web-service:3333 - registration status: 204
2017-05-12 17:21:45.201  INFO 6880 --- [freshExecutor-0] com.netflix.discovery.DiscoveryClient    : Disable delta property : false
2017-05-12 17:21:45.201  INFO 6880 --- [freshExecutor-0] com.netflix.discovery.DiscoveryClient    : Single vip registry refresh property : null
2017-05-12 17:21:45.201  INFO 6880 --- [freshExecutor-0] com.netflix.discovery.DiscoveryClient    : Force full registry fetch : false
2017-05-12 17:21:45.201  INFO 6880 --- [freshExecutor-0] com.netflix.discovery.DiscoveryClient    : Application is null : false
2017-05-12 17:21:45.201  INFO 6880 --- [freshExecutor-0] com.netflix.discovery.DiscoveryClient    : Registered Applications size is zero : true
2017-05-12 17:21:45.201  INFO 6880 --- [freshExecutor-0] com.netflix.discovery.DiscoveryClient    : Application version is -1: false
2017-05-12 17:21:45.201  INFO 6880 --- [freshExecutor-0] com.netflix.discovery.DiscoveryClient    : Getting all instance registry info from the eureka server
2017-05-12 17:21:45.242  INFO 6880 --- [freshExecutor-0] com.netflix.discovery.DiscoveryClient    : The response status is 200
2017-05-12 17:21:51.409  INFO 6880 --- [nio-3333-exec-1] o.a.c.c.C.[Tomcat].[localhost].[/]       : Initializing Spring FrameworkServlet 'dispatcherServlet'
2017-05-12 17:21:51.409  INFO 6880 --- [nio-3333-exec-1] o.s.web.servlet.DispatcherServlet        : FrameworkServlet 'dispatcherServlet': initialization started
2017-05-12 17:21:51.456  INFO 6880 --- [nio-3333-exec-1] o.s.web.servlet.DispatcherServlet        : FrameworkServlet 'dispatcherServlet': initialization completed in 46 ms
Received id: 1
2017-05-12 17:21:52.428  INFO 6880 --- [loyee-service-1] s.c.a.AnnotationConfigApplicationContext : Refreshing org.springframework.context.annotation.AnnotationConfigApplicationContext@778d7ca3: startup date [Fri May 12 17:21:52 IST 2017]; parent: org.springframework.boot.context.embedded.AnnotationConfigEmbeddedWebApplicationContext@6dd4ef0e
2017-05-12 17:21:52.499  INFO 6880 --- [loyee-service-1] f.a.AutowiredAnnotationBeanPostProcessor : JSR-330 'javax.inject.Inject' annotation found and supported for autowiring
2017-05-12 17:21:52.989  INFO 6880 --- [loyee-service-1] c.netflix.config.ChainedDynamicProperty  : Flipping property: employee-service.ribbon.ActiveConnectionsLimit to use NEXT property: niws.loadbalancer.availabilityFilteringRule.activeConnectionsLimit = 2147483647
2017-05-12 17:21:53.029  INFO 6880 --- [loyee-service-1] c.n.u.concurrent.ShutdownEnabledTimer    : Shutdown hook installed for: NFLoadBalancer-PingTimer-employee-service
2017-05-12 17:21:53.104  INFO 6880 --- [loyee-service-1] c.netflix.loadbalancer.BaseLoadBalancer  : Client:employee-service instantiated a LoadBalancer:DynamicServerListLoadBalancer:{NFLoadBalancer:name=employee-service,current list of Servers=[],Load balancer stats=Zone stats: {},Server stats: []}ServerList:null
2017-05-12 17:21:53.168  INFO 6880 --- [loyee-service-1] c.netflix.config.ChainedDynamicProperty  : Flipping property: employee-service.ribbon.ActiveConnectionsLimit to use NEXT property: niws.loadbalancer.availabilityFilteringRule.activeConnectionsLimit = 2147483647
2017-05-12 17:21:53.170  INFO 6880 --- [loyee-service-1] c.n.l.DynamicServerListLoadBalancer      : DynamicServerListLoadBalancer for client employee-service initialized: DynamicServerListLoadBalancer:{NFLoadBalancer:name=employee-service,current list of Servers=[PL1INPUN0323PC.ww304.siemens.net:2222],Load balancer stats=Zone stats: {defaultzone=[Zone:defaultzone;	Instance count:1;	Active connections count: 0;	Circuit breaker tripped count: 0;	Active connections per server: 0.0;]
},Server stats: [[Server:PL1INPUN0323PC.ww304.siemens.net:2222;	Zone:defaultZone;	Total Requests:0;	Successive connection failure:0;	Total blackout seconds:0;	Last connection made:Thu Jan 01 05:30:00 IST 1970;	First connection made: Thu Jan 01 05:30:00 IST 1970;	Active Connections:0;	total failure count in last (1000) msecs:0;	average resp time:0.0;	90 percentile resp time:0.0;	95 percentile resp time:0.0;	min resp time:0.0;	max resp time:0.0;	stddev resp time:0.0]
]}ServerList:org.springframework.cloud.netflix.ribbon.eureka.DomainExtractingServerList@19185bb2
Calling fallback method for getEmployee
2017-05-12 17:21:54.113  INFO 6880 --- [pool-9-thread-1] c.netflix.config.ChainedDynamicProperty  : Flipping property: employee-service.ribbon.ActiveConnectionsLimit to use NEXT property: niws.loadbalancer.availabilityFilteringRule.activeConnectionsLimit = 2147483647
Received id: 1
